{
  "stats": {
    "suites": 1,
    "tests": 4,
    "passes": 2,
    "pending": 0,
    "failures": 2,
    "start": "2024-08-22T09:15:42.385Z",
    "end": "2024-08-22T09:16:09.841Z",
    "duration": 27456,
    "testsRegistered": 4,
    "passPercent": 50,
    "pendingPercent": 0,
    "other": 0,
    "hasOther": false,
    "skipped": 0,
    "hasSkipped": false
  },
  "results": [
    {
      "uuid": "9568a4d2-6ac7-45c1-a3bc-f1176ffe3409",
      "title": "",
      "fullFile": "cypress\\integration\\Tests\\LetMeshop.feature",
      "file": "cypress\\integration\\Tests\\LetMeshop.feature",
      "beforeHooks": [],
      "afterHooks": [],
      "tests": [],
      "suites": [
        {
          "uuid": "21e4ee6e-7831-47a0-98ee-31ec10718b25",
          "title": "LetMeShope Login Feature",
          "fullFile": "",
          "file": "",
          "beforeHooks": [],
          "afterHooks": [],
          "tests": [
            {
              "title": "LetMeShope Login Scenario",
              "fullTitle": "LetMeShope Login Feature LetMeShope Login Scenario",
              "timedOut": null,
              "duration": 2720,
              "state": "passed",
              "speed": "fast",
              "pass": true,
              "fail": false,
              "pending": false,
              "context": null,
              "code": "const state = window.testState;\nreturn cy\n  .then(() => state.onStartScenario(scenario, indexedSteps))\n  .then(() =>\n    resolveAndRunBeforeHooks.call(this, scenario.tags, state.feature.name)\n  )\n  .then(() =>\n    indexedSteps.forEach((step) =>\n      stepTest.call(this, state, step, rowData)\n    )\n  )\n  .then(() => state.onFinishScenario(scenario));",
              "err": {},
              "uuid": "3ed93f45-1c59-45fd-9bb7-adcb5ad952d0",
              "parentUUID": "21e4ee6e-7831-47a0-98ee-31ec10718b25",
              "isHook": false,
              "skipped": false
            },
            {
              "title": "LetMeShope Login Scenario (example #1)",
              "fullTitle": "LetMeShope Login Feature LetMeShope Login Scenario (example #1)",
              "timedOut": null,
              "duration": 3908,
              "state": "passed",
              "speed": "fast",
              "pass": true,
              "fail": false,
              "pending": false,
              "context": null,
              "code": "const state = window.testState;\nreturn cy\n  .then(() => state.onStartScenario(scenario, indexedSteps))\n  .then(() =>\n    resolveAndRunBeforeHooks.call(this, scenario.tags, state.feature.name)\n  )\n  .then(() =>\n    indexedSteps.forEach((step) =>\n      stepTest.call(this, state, step, rowData)\n    )\n  )\n  .then(() => state.onFinishScenario(scenario));",
              "err": {},
              "uuid": "88317af0-0a5c-4537-bcaf-d8ecdcb89300",
              "parentUUID": "21e4ee6e-7831-47a0-98ee-31ec10718b25",
              "isHook": false,
              "skipped": false
            },
            {
              "title": "LetMeShope Login Scenario (example #2)",
              "fullTitle": "LetMeShope Login Feature LetMeShope Login Scenario (example #2)",
              "timedOut": null,
              "duration": 5717,
              "state": "failed",
              "speed": null,
              "pass": false,
              "fail": true,
              "pending": false,
              "context": null,
              "code": "const state = window.testState;\nreturn cy\n  .then(() => state.onStartScenario(scenario, indexedSteps))\n  .then(() =>\n    resolveAndRunBeforeHooks.call(this, scenario.tags, state.feature.name)\n  )\n  .then(() =>\n    indexedSteps.forEach((step) =>\n      stepTest.call(this, state, step, rowData)\n    )\n  )\n  .then(() => state.onFinishScenario(scenario));",
              "err": {
                "message": "AssertionError: Timed out retrying after 4000ms: Expected to find content: ' Sign Out ' but never did.",
                "estack": "AssertionError: Timed out retrying after 4000ms: Expected to find content: ' Sign Out ' but never did.\n    at Loginpag.verifyuseronloginpage (cypress/support/WebPages/loginpage.js:16:34)\n    at Context.eval (cypress/integration/Tests/Stepdef/Stepdef.js:17:14)\n    at Context.resolveAndRunStepDefinition (node_modules/cypress-cucumber-preprocessor/lib/resolveStepDefinition.js:193:0)\n    at Context.eval (node_modules/cypress-cucumber-preprocessor/lib/createTestFromScenario.js:27:0)",
                "diff": null
              },
              "uuid": "1e5596f3-d1ec-4958-8542-26043f5d5bfb",
              "parentUUID": "21e4ee6e-7831-47a0-98ee-31ec10718b25",
              "isHook": false,
              "skipped": false
            },
            {
              "title": "LetMeShope Login Scenario",
              "fullTitle": "LetMeShope Login Feature LetMeShope Login Scenario",
              "timedOut": null,
              "duration": 10731,
              "state": "failed",
              "speed": null,
              "pass": false,
              "fail": true,
              "pending": false,
              "context": null,
              "code": "const state = window.testState;\nreturn cy\n  .then(() => state.onStartScenario(scenario, indexedSteps))\n  .then(() =>\n    resolveAndRunBeforeHooks.call(this, scenario.tags, state.feature.name)\n  )\n  .then(() =>\n    indexedSteps.forEach((step) =>\n      stepTest.call(this, state, step, rowData)\n    )\n  )\n  .then(() => state.onFinishScenario(scenario));",
              "err": {
                "message": "AssertionError: Timed out retrying after 4000ms: Expected to find content: ' Sign Out ' but never did.",
                "estack": "AssertionError: Timed out retrying after 4000ms: Expected to find content: ' Sign Out ' but never did.\n    at Loginpag.verifyuseronloginpage (cypress/support/WebPages/loginpage.js:16:34)\n    at Context.eval (cypress/integration/Tests/Stepdef/Stepdef.js:17:14)\n    at Context.resolveAndRunStepDefinition (node_modules/cypress-cucumber-preprocessor/lib/resolveStepDefinition.js:193:0)\n    at Context.eval (node_modules/cypress-cucumber-preprocessor/lib/createTestFromScenario.js:27:0)",
                "diff": null
              },
              "uuid": "729cee63-e27c-4ff9-a757-a8bb1147ebe7",
              "parentUUID": "21e4ee6e-7831-47a0-98ee-31ec10718b25",
              "isHook": false,
              "skipped": false
            }
          ],
          "suites": [],
          "passes": [
            "3ed93f45-1c59-45fd-9bb7-adcb5ad952d0",
            "88317af0-0a5c-4537-bcaf-d8ecdcb89300"
          ],
          "failures": [
            "1e5596f3-d1ec-4958-8542-26043f5d5bfb",
            "729cee63-e27c-4ff9-a757-a8bb1147ebe7"
          ],
          "pending": [],
          "skipped": [],
          "duration": 23076,
          "root": false,
          "rootEmpty": false,
          "_timeout": 2000
        }
      ],
      "passes": [],
      "failures": [],
      "pending": [],
      "skipped": [],
      "duration": 0,
      "root": true,
      "rootEmpty": true,
      "_timeout": 2000
    }
  ],
  "meta": {
    "mocha": {
      "version": "7.0.1"
    },
    "mochawesome": {
      "options": {
        "quiet": false,
        "reportFilename": "mochawesome",
        "saveHtml": true,
        "saveJson": true,
        "consoleReporter": "spec",
        "useInlineDiffs": false,
        "code": true
      },
      "version": "7.1.3"
    },
    "marge": {
      "options": {
        "reportDir": "cypress/reports",
        "overwrite": false,
        "html": true,
        "json": true
      },
      "version": "6.2.0"
    }
  }
}