{
  "stats": {
    "suites": 1,
    "tests": 4,
    "passes": 2,
    "pending": 0,
    "failures": 2,
    "start": "2024-08-22T08:11:09.463Z",
    "end": "2024-08-22T08:11:33.796Z",
    "duration": 24333,
    "testsRegistered": 4,
    "passPercent": 50,
    "pendingPercent": 0,
    "other": 0,
    "hasOther": false,
    "skipped": 0,
    "hasSkipped": false
  },
  "results": [
    {
      "uuid": "7fc8e2fc-d057-4130-b6be-709645551c7a",
      "title": "",
      "fullFile": "cypress\\integration\\Tests\\LetMeshop.feature",
      "file": "cypress\\integration\\Tests\\LetMeshop.feature",
      "beforeHooks": [],
      "afterHooks": [],
      "tests": [],
      "suites": [
        {
          "uuid": "a0968b9c-e5b9-4412-b325-60b98e140e33",
          "title": "LetMeShope Login Feature",
          "fullFile": "",
          "file": "",
          "beforeHooks": [],
          "afterHooks": [],
          "tests": [
            {
              "title": "LetMeShope Login Scenario",
              "fullTitle": "LetMeShope Login Feature LetMeShope Login Scenario",
              "timedOut": null,
              "duration": 4084,
              "state": "passed",
              "speed": "fast",
              "pass": true,
              "fail": false,
              "pending": false,
              "context": null,
              "code": "const state = window.testState;\nreturn cy\n  .then(() => state.onStartScenario(scenario, indexedSteps))\n  .then(() =>\n    resolveAndRunBeforeHooks.call(this, scenario.tags, state.feature.name)\n  )\n  .then(() =>\n    indexedSteps.forEach((step) =>\n      stepTest.call(this, state, step, rowData)\n    )\n  )\n  .then(() => state.onFinishScenario(scenario));",
              "err": {},
              "uuid": "dfc2715b-7294-47aa-bd18-fd488737f0fc",
              "parentUUID": "a0968b9c-e5b9-4412-b325-60b98e140e33",
              "isHook": false,
              "skipped": false
            },
            {
              "title": "LetMeShope Login Scenario (example #1)",
              "fullTitle": "LetMeShope Login Feature LetMeShope Login Scenario (example #1)",
              "timedOut": null,
              "duration": 1305,
              "state": "passed",
              "speed": "fast",
              "pass": true,
              "fail": false,
              "pending": false,
              "context": null,
              "code": "const state = window.testState;\nreturn cy\n  .then(() => state.onStartScenario(scenario, indexedSteps))\n  .then(() =>\n    resolveAndRunBeforeHooks.call(this, scenario.tags, state.feature.name)\n  )\n  .then(() =>\n    indexedSteps.forEach((step) =>\n      stepTest.call(this, state, step, rowData)\n    )\n  )\n  .then(() => state.onFinishScenario(scenario));",
              "err": {},
              "uuid": "12706dda-c7d2-4598-8378-07caa6b22eb5",
              "parentUUID": "a0968b9c-e5b9-4412-b325-60b98e140e33",
              "isHook": false,
              "skipped": false
            },
            {
              "title": "LetMeShope Login Scenario (example #2)",
              "fullTitle": "LetMeShope Login Feature LetMeShope Login Scenario (example #2)",
              "timedOut": null,
              "duration": 5997,
              "state": "failed",
              "speed": null,
              "pass": false,
              "fail": true,
              "pending": false,
              "context": null,
              "code": "const state = window.testState;\nreturn cy\n  .then(() => state.onStartScenario(scenario, indexedSteps))\n  .then(() =>\n    resolveAndRunBeforeHooks.call(this, scenario.tags, state.feature.name)\n  )\n  .then(() =>\n    indexedSteps.forEach((step) =>\n      stepTest.call(this, state, step, rowData)\n    )\n  )\n  .then(() => state.onFinishScenario(scenario));",
              "err": {
                "message": "AssertionError: Timed out retrying after 4000ms: Expected to find content: ' Sign Out ' but never did.",
                "estack": "AssertionError: Timed out retrying after 4000ms: Expected to find content: ' Sign Out ' but never did.\n    at Loginpag.verifyuseronloginpage (cypress/support/WebPages/loginpage.js:16:34)\n    at Context.eval (cypress/integration/Tests/Stepdef/LoginStepdef.js:17:14)\n    at Context.resolveAndRunStepDefinition (node_modules/cypress-cucumber-preprocessor/lib/resolveStepDefinition.js:193:0)\n    at Context.eval (node_modules/cypress-cucumber-preprocessor/lib/createTestFromScenario.js:27:0)",
                "diff": null
              },
              "uuid": "cdab822c-710f-4597-a262-a9ab1b8dec0f",
              "parentUUID": "a0968b9c-e5b9-4412-b325-60b98e140e33",
              "isHook": false,
              "skipped": false
            },
            {
              "title": "LetMeShope Login Scenario",
              "fullTitle": "LetMeShope Login Feature LetMeShope Login Scenario",
              "timedOut": null,
              "duration": 10373,
              "state": "failed",
              "speed": null,
              "pass": false,
              "fail": true,
              "pending": false,
              "context": null,
              "code": "const state = window.testState;\nreturn cy\n  .then(() => state.onStartScenario(scenario, indexedSteps))\n  .then(() =>\n    resolveAndRunBeforeHooks.call(this, scenario.tags, state.feature.name)\n  )\n  .then(() =>\n    indexedSteps.forEach((step) =>\n      stepTest.call(this, state, step, rowData)\n    )\n  )\n  .then(() => state.onFinishScenario(scenario));",
              "err": {
                "message": "AssertionError: Timed out retrying after 4000ms: Expected to find content: ' Sign Out ' but never did.",
                "estack": "AssertionError: Timed out retrying after 4000ms: Expected to find content: ' Sign Out ' but never did.\n    at Loginpag.verifyuseronloginpage (cypress/support/WebPages/loginpage.js:16:34)\n    at Context.eval (cypress/integration/Tests/Stepdef/LoginStepdef.js:17:14)\n    at Context.resolveAndRunStepDefinition (node_modules/cypress-cucumber-preprocessor/lib/resolveStepDefinition.js:193:0)\n    at Context.eval (node_modules/cypress-cucumber-preprocessor/lib/createTestFromScenario.js:27:0)",
                "diff": null
              },
              "uuid": "bd2bf160-c12e-4511-a079-ec9df072ae50",
              "parentUUID": "a0968b9c-e5b9-4412-b325-60b98e140e33",
              "isHook": false,
              "skipped": false
            }
          ],
          "suites": [],
          "passes": [
            "dfc2715b-7294-47aa-bd18-fd488737f0fc",
            "12706dda-c7d2-4598-8378-07caa6b22eb5"
          ],
          "failures": [
            "cdab822c-710f-4597-a262-a9ab1b8dec0f",
            "bd2bf160-c12e-4511-a079-ec9df072ae50"
          ],
          "pending": [],
          "skipped": [],
          "duration": 21759,
          "root": false,
          "rootEmpty": false,
          "_timeout": 2000
        }
      ],
      "passes": [],
      "failures": [],
      "pending": [],
      "skipped": [],
      "duration": 0,
      "root": true,
      "rootEmpty": true,
      "_timeout": 2000
    }
  ],
  "meta": {
    "mocha": {
      "version": "7.0.1"
    },
    "mochawesome": {
      "options": {
        "quiet": false,
        "reportFilename": "mochawesome",
        "saveHtml": true,
        "saveJson": true,
        "consoleReporter": "spec",
        "useInlineDiffs": false,
        "code": true
      },
      "version": "7.1.3"
    },
    "marge": {
      "options": {
        "reportDir": "cypress/reports",
        "overwrite": false,
        "html": true,
        "json": true
      },
      "version": "6.2.0"
    }
  }
}