{
  "stats": {
    "suites": 1,
    "tests": 3,
    "passes": 2,
    "pending": 0,
    "failures": 1,
    "start": "2024-08-21T13:34:22.915Z",
    "end": "2024-08-21T13:34:41.118Z",
    "duration": 18203,
    "testsRegistered": 3,
    "passPercent": 66.66666666666666,
    "pendingPercent": 0,
    "other": 0,
    "hasOther": false,
    "skipped": 0,
    "hasSkipped": false
  },
  "results": [
    {
      "uuid": "65c3b288-c68a-4faf-9aab-7bbc8c4154f1",
      "title": "",
      "fullFile": "cypress\\integration\\Tests\\LetMeshop.feature",
      "file": "cypress\\integration\\Tests\\LetMeshop.feature",
      "beforeHooks": [],
      "afterHooks": [],
      "tests": [],
      "suites": [
        {
          "uuid": "f92e60b4-97be-41e8-9c8d-a55329b0b1e5",
          "title": "LetMeShope Login Feature",
          "fullFile": "",
          "file": "",
          "beforeHooks": [],
          "afterHooks": [],
          "tests": [
            {
              "title": "LetMeShope Login Scenario",
              "fullTitle": "LetMeShope Login Feature LetMeShope Login Scenario",
              "timedOut": null,
              "duration": 5763,
              "state": "passed",
              "speed": "medium",
              "pass": true,
              "fail": false,
              "pending": false,
              "context": null,
              "code": "const state = window.testState;\nreturn cy\n  .then(() => state.onStartScenario(scenario, indexedSteps))\n  .then(() =>\n    resolveAndRunBeforeHooks.call(this, scenario.tags, state.feature.name)\n  )\n  .then(() =>\n    indexedSteps.forEach((step) =>\n      stepTest.call(this, state, step, rowData)\n    )\n  )\n  .then(() => state.onFinishScenario(scenario));",
              "err": {},
              "uuid": "f13409f6-a2b5-4184-9692-af5131ba1272",
              "parentUUID": "f92e60b4-97be-41e8-9c8d-a55329b0b1e5",
              "isHook": false,
              "skipped": false
            },
            {
              "title": "LetMeShope Login Scenario (example #1)",
              "fullTitle": "LetMeShope Login Feature LetMeShope Login Scenario (example #1)",
              "timedOut": null,
              "duration": 2169,
              "state": "passed",
              "speed": "fast",
              "pass": true,
              "fail": false,
              "pending": false,
              "context": null,
              "code": "const state = window.testState;\nreturn cy\n  .then(() => state.onStartScenario(scenario, indexedSteps))\n  .then(() =>\n    resolveAndRunBeforeHooks.call(this, scenario.tags, state.feature.name)\n  )\n  .then(() =>\n    indexedSteps.forEach((step) =>\n      stepTest.call(this, state, step, rowData)\n    )\n  )\n  .then(() => state.onFinishScenario(scenario));",
              "err": {},
              "uuid": "579ad82c-5d4f-4df3-ae05-26bdfdf0cd0b",
              "parentUUID": "f92e60b4-97be-41e8-9c8d-a55329b0b1e5",
              "isHook": false,
              "skipped": false
            },
            {
              "title": "LetMeShope Login Scenario (example #2)",
              "fullTitle": "LetMeShope Login Feature LetMeShope Login Scenario (example #2)",
              "timedOut": null,
              "duration": 5816,
              "state": "failed",
              "speed": null,
              "pass": false,
              "fail": true,
              "pending": false,
              "context": null,
              "code": "const state = window.testState;\nreturn cy\n  .then(() => state.onStartScenario(scenario, indexedSteps))\n  .then(() =>\n    resolveAndRunBeforeHooks.call(this, scenario.tags, state.feature.name)\n  )\n  .then(() =>\n    indexedSteps.forEach((step) =>\n      stepTest.call(this, state, step, rowData)\n    )\n  )\n  .then(() => state.onFinishScenario(scenario));",
              "err": {
                "message": "AssertionError: Timed out retrying after 4000ms: Expected to find content: ' Sign Out ' but never did.",
                "estack": "AssertionError: Timed out retrying after 4000ms: Expected to find content: ' Sign Out ' but never did.\n    at Loginpag.verifyuseronloginpage (cypress/support/WebPages/loginpage.js:16:34)\n    at Context.eval (cypress/integration/Tests/Stepdef/LoginStepdef.js:24:14)\n    at Context.resolveAndRunStepDefinition (node_modules/cypress-cucumber-preprocessor/lib/resolveStepDefinition.js:193:0)\n    at Context.eval (node_modules/cypress-cucumber-preprocessor/lib/createTestFromScenario.js:27:0)",
                "diff": null
              },
              "uuid": "b776cc65-8c8b-4005-a755-bdb57e0f38bb",
              "parentUUID": "f92e60b4-97be-41e8-9c8d-a55329b0b1e5",
              "isHook": false,
              "skipped": false
            }
          ],
          "suites": [],
          "passes": [
            "f13409f6-a2b5-4184-9692-af5131ba1272",
            "579ad82c-5d4f-4df3-ae05-26bdfdf0cd0b"
          ],
          "failures": [
            "b776cc65-8c8b-4005-a755-bdb57e0f38bb"
          ],
          "pending": [],
          "skipped": [],
          "duration": 13748,
          "root": false,
          "rootEmpty": false,
          "_timeout": 2000
        }
      ],
      "passes": [],
      "failures": [],
      "pending": [],
      "skipped": [],
      "duration": 0,
      "root": true,
      "rootEmpty": true,
      "_timeout": 2000
    }
  ],
  "meta": {
    "mocha": {
      "version": "7.0.1"
    },
    "mochawesome": {
      "options": {
        "quiet": false,
        "reportFilename": "mochawesome",
        "saveHtml": true,
        "saveJson": true,
        "consoleReporter": "spec",
        "useInlineDiffs": false,
        "code": true
      },
      "version": "7.1.3"
    },
    "marge": {
      "options": {
        "reportDir": "cypress/reports",
        "overwrite": false,
        "html": true,
        "json": true
      },
      "version": "6.2.0"
    }
  }
}